2022-11-15 13:44:36,034 [Worker-2: Loading available Gradle versions] INFO  o.e.b.c.i.u.g.PublishedGradleVersions - Gradle version information cache is out-of-date. Trying to update.
2022-11-15 13:45:57,093 [Worker-0: Launching mavenrun-aec694fb-66b4-48f5-bad9-8148db62db0b] INFO  o.e.m.i.launch.MavenLaunchDelegate - C:\Users\prade\OneDrive\Desktop\hclnew\HclTranning
2022-11-15 13:45:57,096 [Worker-0: Launching mavenrun-aec694fb-66b4-48f5-bad9-8148db62db0b] INFO  o.e.m.i.launch.MavenLaunchDelegate -  mvn -DarchetypeVersion=1.4 -Dpackage=com.Hcl.JavaDesignPattern -DarchetypeGroupId=org.apache.maven.archetypes -DarchetypeArtifactId=maven-archetype-quickstart -DgroupId=com.Hcl -DartifactId=JavaDesignPattern -DoutputDirectory=C:\Users\prade\OneDrive\Desktop\hclnew\HclTranning -Dversion=0.0.1-SNAPSHOT -Dstyle.color=always -U archetype:generate
2022-11-15 13:46:11,933 [Worker-32: Creating maven-archetype-quickstart] INFO  o.e.m.c.i.p.ProjectConfigurationManager - Collecting project info '/pom.xml' C:\Users\prade\OneDrive\Desktop\hclnew\HclTranning\JavaDesignPattern\pom.xml
2022-11-15 13:46:13,321 [Worker-32: Creating maven-archetype-quickstart] INFO  o.e.m.c.i.l.LifecycleMappingFactory - Using org.eclipse.m2e.jdt.JarLifecycleMapping lifecycle mapping for MavenProject: com.Hcl:JavaDesignPattern:0.0.1-SNAPSHOT @ C:\Users\prade\OneDrive\Desktop\hclnew\HclTranning\JavaDesignPattern\pom.xml.
2022-11-15 13:46:14,039 [Worker-32: Creating maven-archetype-quickstart] INFO  o.e.m.j.i.AbstractJavaProjectConfigurator - Adding source folder /JavaDesignPattern/src/main/java
2022-11-15 13:46:14,043 [Worker-32: Creating maven-archetype-quickstart] INFO  o.e.m.j.i.AbstractJavaProjectConfigurator - Adding source folder /JavaDesignPattern/src/test/java
2022-11-15 13:46:14,120 [Worker-32: Creating maven-archetype-quickstart] INFO  o.e.m.c.i.p.ProjectConfigurationManager - Imported and configured 1 project(s) in 2 sec
2022-11-15 13:46:14,681 [Worker-24: Building] INFO  o.e.m.c.i.embedder.EclipseLogger - Using 'UTF-8' encoding to copy filtered resources.
2022-11-15 13:46:14,681 [Worker-24: Building] INFO  o.e.m.c.i.embedder.EclipseLogger - skip non existing resourceDirectory C:\Users\prade\OneDrive\Desktop\hclnew\HclTranning\JavaDesignPattern\src\main\resources
2022-11-15 13:46:14,683 [Worker-24: Building] INFO  o.e.m.c.i.embedder.EclipseLogger - Using 'UTF-8' encoding to copy filtered resources.
2022-11-15 13:46:14,683 [Worker-24: Building] INFO  o.e.m.c.i.embedder.EclipseLogger - skip non existing resourceDirectory C:\Users\prade\OneDrive\Desktop\hclnew\HclTranning\JavaDesignPattern\src\test\resources
2022-11-15 13:46:45,278 [Worker-33: Building] INFO  o.e.m.c.i.l.LifecycleMappingFactory - Using org.eclipse.m2e.jdt.JarLifecycleMapping lifecycle mapping for MavenProject: com.Hcl:JavaDesignPattern:0.0.1-SNAPSHOT @ C:\Users\prade\OneDrive\Desktop\hclnew\HclTranning\JavaDesignPattern\pom.xml.
2022-11-15 13:46:45,363 [Worker-33: Building] INFO  o.e.m.c.i.embedder.EclipseLogger - Using 'UTF-8' encoding to copy filtered resources.
2022-11-15 13:46:45,364 [Worker-33: Building] INFO  o.e.m.c.i.embedder.EclipseLogger - skip non existing resourceDirectory C:\Users\prade\OneDrive\Desktop\hclnew\HclTranning\JavaDesignPattern\src\main\resources
2022-11-15 13:46:45,365 [Worker-33: Building] INFO  o.e.m.c.i.embedder.EclipseLogger - Using 'UTF-8' encoding to copy filtered resources.
2022-11-15 13:46:45,365 [Worker-33: Building] INFO  o.e.m.c.i.embedder.EclipseLogger - skip non existing resourceDirectory C:\Users\prade\OneDrive\Desktop\hclnew\HclTranning\JavaDesignPattern\src\test\resources
2022-11-15 13:46:50,998 [Worker-5: Updating Maven Project] INFO  o.e.m.c.i.p.ProjectConfigurationManager - Update started
2022-11-15 13:46:51,133 [Worker-5: Updating Maven Project] INFO  o.e.m.c.i.l.LifecycleMappingFactory - Using org.eclipse.m2e.jdt.JarLifecycleMapping lifecycle mapping for MavenProject: com.Hcl:JavaDesignPattern:0.0.1-SNAPSHOT @ C:\Users\prade\OneDrive\Desktop\hclnew\HclTranning\JavaDesignPattern\pom.xml.
2022-11-15 13:46:51,195 [Worker-5: Updating Maven Project] INFO  o.e.m.j.i.AbstractJavaProjectConfigurator - Adding source folder /JavaDesignPattern/src/main/java
2022-11-15 13:46:51,196 [Worker-5: Updating Maven Project] INFO  o.e.m.j.i.AbstractJavaProjectConfigurator - Adding source folder /JavaDesignPattern/src/test/java
2022-11-15 13:46:51,278 [Worker-5: Updating Maven Project] INFO  o.e.m.c.i.p.ProjectConfigurationManager - Update completed: 0 sec
2022-11-15 13:46:51,431 [Worker-25: Building] INFO  o.e.m.c.i.embedder.EclipseLogger - Using 'UTF-8' encoding to copy filtered resources.
2022-11-15 13:46:51,431 [Worker-25: Building] INFO  o.e.m.c.i.embedder.EclipseLogger - skip non existing resourceDirectory C:\Users\prade\OneDrive\Desktop\hclnew\HclTranning\JavaDesignPattern\src\main\resources
2022-11-15 13:46:51,433 [Worker-25: Building] INFO  o.e.m.c.i.embedder.EclipseLogger - Using 'UTF-8' encoding to copy filtered resources.
2022-11-15 13:46:51,433 [Worker-25: Building] INFO  o.e.m.c.i.embedder.EclipseLogger - skip non existing resourceDirectory C:\Users\prade\OneDrive\Desktop\hclnew\HclTranning\JavaDesignPattern\src\test\resources
2022-11-15 13:47:08,386 [Worker-32: Building] INFO  o.e.m.c.i.embedder.EclipseLogger - Using 'UTF-8' encoding to copy filtered resources.
2022-11-15 13:47:08,386 [Worker-32: Building] INFO  o.e.m.c.i.embedder.EclipseLogger - skip non existing resourceDirectory C:\Users\prade\OneDrive\Desktop\hclnew\HclTranning\JavaDesignPattern\src\main\resources
2022-11-15 13:47:08,388 [Worker-32: Building] INFO  o.e.m.c.i.embedder.EclipseLogger - Using 'UTF-8' encoding to copy filtered resources.
2022-11-15 13:47:08,388 [Worker-32: Building] INFO  o.e.m.c.i.embedder.EclipseLogger - skip non existing resourceDirectory C:\Users\prade\OneDrive\Desktop\hclnew\HclTranning\JavaDesignPattern\src\test\resources
2022-11-15 13:49:07,686 [Worker-24: Launching mavenrun-20e2f8b9-0116-4cb2-813a-3e59619390b9] INFO  o.e.m.i.launch.MavenLaunchDelegate - C:\Users\prade\OneDrive\Desktop\hclnew\HclTranning
2022-11-15 13:49:07,686 [Worker-24: Launching mavenrun-20e2f8b9-0116-4cb2-813a-3e59619390b9] INFO  o.e.m.i.launch.MavenLaunchDelegate -  mvn -DarchetypeVersion=1.4 -Dpackage=com.MediatorPatterns -DarchetypeGroupId=org.apache.maven.archetypes -DarchetypeArtifactId=maven-archetype-quickstart -DgroupId=com.MediatorPatterns -DartifactId=MediatorPattern -DoutputDirectory=C:\Users\prade\OneDrive\Desktop\hclnew\HclTranning -Dversion=0.0.1-SNAPSHOT -Dstyle.color=always -U archetype:generate
2022-11-15 13:49:16,858 [Worker-25: Creating maven-archetype-quickstart] INFO  o.e.m.c.i.p.ProjectConfigurationManager - Collecting project info '/pom.xml' C:\Users\prade\OneDrive\Desktop\hclnew\HclTranning\MediatorPattern\pom.xml
2022-11-15 13:49:17,003 [Worker-25: Creating maven-archetype-quickstart] INFO  o.e.m.c.i.l.LifecycleMappingFactory - Using org.eclipse.m2e.jdt.JarLifecycleMapping lifecycle mapping for MavenProject: com.MediatorPatterns:MediatorPattern:0.0.1-SNAPSHOT @ C:\Users\prade\OneDrive\Desktop\hclnew\HclTranning\MediatorPattern\pom.xml.
2022-11-15 13:49:17,147 [Worker-25: Creating maven-archetype-quickstart] INFO  o.e.m.j.i.AbstractJavaProjectConfigurator - Adding source folder /MediatorPattern/src/main/java
2022-11-15 13:49:17,149 [Worker-25: Creating maven-archetype-quickstart] INFO  o.e.m.j.i.AbstractJavaProjectConfigurator - Adding source folder /MediatorPattern/src/test/java
2022-11-15 13:49:17,180 [Worker-25: Creating maven-archetype-quickstart] INFO  o.e.m.c.i.p.ProjectConfigurationManager - Imported and configured 1 project(s) in 0 sec
2022-11-15 13:49:17,397 [Worker-25: Building] INFO  o.e.m.c.i.embedder.EclipseLogger - Using 'UTF-8' encoding to copy filtered resources.
2022-11-15 13:49:17,397 [Worker-25: Building] INFO  o.e.m.c.i.embedder.EclipseLogger - skip non existing resourceDirectory C:\Users\prade\OneDrive\Desktop\hclnew\HclTranning\MediatorPattern\src\main\resources
2022-11-15 13:49:17,398 [Worker-25: Building] INFO  o.e.m.c.i.embedder.EclipseLogger - Using 'UTF-8' encoding to copy filtered resources.
2022-11-15 13:49:17,399 [Worker-25: Building] INFO  o.e.m.c.i.embedder.EclipseLogger - skip non existing resourceDirectory C:\Users\prade\OneDrive\Desktop\hclnew\HclTranning\MediatorPattern\src\test\resources
2022-11-15 13:49:30,254 [Worker-0: Building] INFO  o.e.m.c.i.l.LifecycleMappingFactory - Using org.eclipse.m2e.jdt.JarLifecycleMapping lifecycle mapping for MavenProject: com.MediatorPatterns:MediatorPattern:0.0.1-SNAPSHOT @ C:\Users\prade\OneDrive\Desktop\hclnew\HclTranning\MediatorPattern\pom.xml.
2022-11-15 13:49:30,316 [Worker-0: Building] INFO  o.e.m.c.i.embedder.EclipseLogger - Using 'UTF-8' encoding to copy filtered resources.
2022-11-15 13:49:30,316 [Worker-0: Building] INFO  o.e.m.c.i.embedder.EclipseLogger - skip non existing resourceDirectory C:\Users\prade\OneDrive\Desktop\hclnew\HclTranning\MediatorPattern\src\main\resources
2022-11-15 13:49:30,318 [Worker-0: Building] INFO  o.e.m.c.i.embedder.EclipseLogger - Using 'UTF-8' encoding to copy filtered resources.
2022-11-15 13:49:30,318 [Worker-0: Building] INFO  o.e.m.c.i.embedder.EclipseLogger - skip non existing resourceDirectory C:\Users\prade\OneDrive\Desktop\hclnew\HclTranning\MediatorPattern\src\test\resources
2022-11-15 13:49:36,813 [Worker-25: Updating Maven Project] INFO  o.e.m.c.i.p.ProjectConfigurationManager - Update started
2022-11-15 13:49:36,988 [Worker-25: Updating Maven Project] INFO  o.e.m.c.i.l.LifecycleMappingFactory - Using org.eclipse.m2e.jdt.JarLifecycleMapping lifecycle mapping for MavenProject: com.MediatorPatterns:MediatorPattern:0.0.1-SNAPSHOT @ C:\Users\prade\OneDrive\Desktop\hclnew\HclTranning\MediatorPattern\pom.xml.
2022-11-15 13:49:37,069 [Worker-25: Updating Maven Project] INFO  o.e.m.j.i.AbstractJavaProjectConfigurator - Adding source folder /MediatorPattern/src/main/java
2022-11-15 13:49:37,069 [Worker-25: Updating Maven Project] INFO  o.e.m.j.i.AbstractJavaProjectConfigurator - Adding source folder /MediatorPattern/src/test/java
2022-11-15 13:49:37,154 [Worker-25: Updating Maven Project] INFO  o.e.m.c.i.p.ProjectConfigurationManager - Update completed: 0 sec
2022-11-15 13:49:37,284 [Worker-1: Building] INFO  o.e.m.c.i.embedder.EclipseLogger - Using 'UTF-8' encoding to copy filtered resources.
2022-11-15 13:49:37,284 [Worker-1: Building] INFO  o.e.m.c.i.embedder.EclipseLogger - skip non existing resourceDirectory C:\Users\prade\OneDrive\Desktop\hclnew\HclTranning\MediatorPattern\src\main\resources
2022-11-15 13:49:37,286 [Worker-1: Building] INFO  o.e.m.c.i.embedder.EclipseLogger - Using 'UTF-8' encoding to copy filtered resources.
2022-11-15 13:49:37,286 [Worker-1: Building] INFO  o.e.m.c.i.embedder.EclipseLogger - skip non existing resourceDirectory C:\Users\prade\OneDrive\Desktop\hclnew\HclTranning\MediatorPattern\src\test\resources
2022-11-15 13:49:51,261 [Worker-37: Updating Maven Project] INFO  o.e.m.c.i.p.ProjectConfigurationManager - Update started
2022-11-15 13:49:51,415 [Worker-37: Updating Maven Project] INFO  o.e.m.c.i.l.LifecycleMappingFactory - Using org.eclipse.m2e.jdt.JarLifecycleMapping lifecycle mapping for MavenProject: com.MediatorPatterns:MediatorPattern:0.0.1-SNAPSHOT @ C:\Users\prade\OneDrive\Desktop\hclnew\HclTranning\MediatorPattern\pom.xml.
2022-11-15 13:49:51,487 [Worker-37: Updating Maven Project] INFO  o.e.m.j.i.AbstractJavaProjectConfigurator - Adding source folder /MediatorPattern/src/main/java
2022-11-15 13:49:51,488 [Worker-37: Updating Maven Project] INFO  o.e.m.j.i.AbstractJavaProjectConfigurator - Adding source folder /MediatorPattern/src/test/java
2022-11-15 13:49:51,532 [Worker-37: Updating Maven Project] INFO  o.e.m.c.i.p.ProjectConfigurationManager - Update completed: 0 sec
2022-11-15 13:49:51,658 [Worker-0: Building] INFO  o.e.m.c.i.embedder.EclipseLogger - Using 'UTF-8' encoding to copy filtered resources.
2022-11-15 13:49:51,658 [Worker-0: Building] INFO  o.e.m.c.i.embedder.EclipseLogger - skip non existing resourceDirectory C:\Users\prade\OneDrive\Desktop\hclnew\HclTranning\MediatorPattern\src\main\resources
2022-11-15 13:49:51,661 [Worker-0: Building] INFO  o.e.m.c.i.embedder.EclipseLogger - Using 'UTF-8' encoding to copy filtered resources.
2022-11-15 13:49:51,661 [Worker-0: Building] INFO  o.e.m.c.i.embedder.EclipseLogger - skip non existing resourceDirectory C:\Users\prade\OneDrive\Desktop\hclnew\HclTranning\MediatorPattern\src\test\resources
2022-11-15 13:50:16,260 [Worker-24: Building] INFO  o.e.m.c.i.embedder.EclipseLogger - Using 'UTF-8' encoding to copy filtered resources.
2022-11-15 13:50:16,260 [Worker-24: Building] INFO  o.e.m.c.i.embedder.EclipseLogger - skip non existing resourceDirectory C:\Users\prade\OneDrive\Desktop\hclnew\HclTranning\MediatorPattern\src\main\resources
2022-11-15 13:50:16,261 [Worker-24: Building] INFO  o.e.m.c.i.embedder.EclipseLogger - Using 'UTF-8' encoding to copy filtered resources.
2022-11-15 13:50:16,261 [Worker-24: Building] INFO  o.e.m.c.i.embedder.EclipseLogger - skip non existing resourceDirectory C:\Users\prade\OneDrive\Desktop\hclnew\HclTranning\MediatorPattern\src\test\resources
2022-11-15 13:50:54,338 [Worker-38: Building] INFO  o.e.m.c.i.embedder.EclipseLogger - Using 'UTF-8' encoding to copy filtered resources.
2022-11-15 13:50:54,338 [Worker-38: Building] INFO  o.e.m.c.i.embedder.EclipseLogger - skip non existing resourceDirectory C:\Users\prade\OneDrive\Desktop\hclnew\HclTranning\MediatorPattern\src\main\resources
2022-11-15 13:50:54,341 [Worker-38: Building] INFO  o.e.m.c.i.embedder.EclipseLogger - Using 'UTF-8' encoding to copy filtered resources.
2022-11-15 13:50:54,341 [Worker-38: Building] INFO  o.e.m.c.i.embedder.EclipseLogger - skip non existing resourceDirectory C:\Users\prade\OneDrive\Desktop\hclnew\HclTranning\MediatorPattern\src\test\resources
2022-11-15 13:50:55,348 [Worker-24: Building] INFO  o.e.m.c.i.embedder.EclipseLogger - Using 'UTF-8' encoding to copy filtered resources.
2022-11-15 13:50:55,348 [Worker-24: Building] INFO  o.e.m.c.i.embedder.EclipseLogger - skip non existing resourceDirectory C:\Users\prade\OneDrive\Desktop\hclnew\HclTranning\MediatorPattern\src\main\resources
2022-11-15 13:50:55,349 [Worker-24: Building] INFO  o.e.m.c.i.embedder.EclipseLogger - Using 'UTF-8' encoding to copy filtered resources.
2022-11-15 13:50:55,349 [Worker-24: Building] INFO  o.e.m.c.i.embedder.EclipseLogger - skip non existing resourceDirectory C:\Users\prade\OneDrive\Desktop\hclnew\HclTranning\MediatorPattern\src\test\resources
2022-11-15 13:51:07,723 [Worker-39: Building] INFO  o.e.m.c.i.embedder.EclipseLogger - Using 'UTF-8' encoding to copy filtered resources.
2022-11-15 13:51:07,724 [Worker-39: Building] INFO  o.e.m.c.i.embedder.EclipseLogger - skip non existing resourceDirectory C:\Users\prade\OneDrive\Desktop\hclnew\HclTranning\MediatorPattern\src\main\resources
2022-11-15 13:51:07,725 [Worker-39: Building] INFO  o.e.m.c.i.embedder.EclipseLogger - Using 'UTF-8' encoding to copy filtered resources.
2022-11-15 13:51:07,725 [Worker-39: Building] INFO  o.e.m.c.i.embedder.EclipseLogger - skip non existing resourceDirectory C:\Users\prade\OneDrive\Desktop\hclnew\HclTranning\MediatorPattern\src\test\resources
2022-11-15 13:51:39,186 [Worker-1: Building] INFO  o.e.m.c.i.embedder.EclipseLogger - Using 'UTF-8' encoding to copy filtered resources.
2022-11-15 13:51:39,186 [Worker-1: Building] INFO  o.e.m.c.i.embedder.EclipseLogger - skip non existing resourceDirectory C:\Users\prade\OneDrive\Desktop\hclnew\HclTranning\MediatorPattern\src\main\resources
2022-11-15 13:51:39,188 [Worker-1: Building] INFO  o.e.m.c.i.embedder.EclipseLogger - Using 'UTF-8' encoding to copy filtered resources.
2022-11-15 13:51:39,189 [Worker-1: Building] INFO  o.e.m.c.i.embedder.EclipseLogger - skip non existing resourceDirectory C:\Users\prade\OneDrive\Desktop\hclnew\HclTranning\MediatorPattern\src\test\resources
2022-11-15 13:51:50,185 [Worker-24: Building] INFO  o.e.m.c.i.embedder.EclipseLogger - Using 'UTF-8' encoding to copy filtered resources.
2022-11-15 13:51:50,185 [Worker-24: Building] INFO  o.e.m.c.i.embedder.EclipseLogger - skip non existing resourceDirectory C:\Users\prade\OneDrive\Desktop\hclnew\HclTranning\MediatorPattern\src\main\resources
2022-11-15 13:51:50,186 [Worker-24: Building] INFO  o.e.m.c.i.embedder.EclipseLogger - Using 'UTF-8' encoding to copy filtered resources.
2022-11-15 13:51:50,186 [Worker-24: Building] INFO  o.e.m.c.i.embedder.EclipseLogger - skip non existing resourceDirectory C:\Users\prade\OneDrive\Desktop\hclnew\HclTranning\MediatorPattern\src\test\resources
2022-11-15 13:52:09,727 [Worker-38: Building] INFO  o.e.m.c.i.embedder.EclipseLogger - Using 'UTF-8' encoding to copy filtered resources.
2022-11-15 13:52:09,728 [Worker-38: Building] INFO  o.e.m.c.i.embedder.EclipseLogger - skip non existing resourceDirectory C:\Users\prade\OneDrive\Desktop\hclnew\HclTranning\MediatorPattern\src\main\resources
2022-11-15 13:52:09,730 [Worker-38: Building] INFO  o.e.m.c.i.embedder.EclipseLogger - Using 'UTF-8' encoding to copy filtered resources.
2022-11-15 13:52:09,730 [Worker-38: Building] INFO  o.e.m.c.i.embedder.EclipseLogger - skip non existing resourceDirectory C:\Users\prade\OneDrive\Desktop\hclnew\HclTranning\MediatorPattern\src\test\resources
2022-11-15 13:52:19,017 [Worker-1: Building] INFO  o.e.m.c.i.embedder.EclipseLogger - Using 'UTF-8' encoding to copy filtered resources.
2022-11-15 13:52:19,018 [Worker-1: Building] INFO  o.e.m.c.i.embedder.EclipseLogger - skip non existing resourceDirectory C:\Users\prade\OneDrive\Desktop\hclnew\HclTranning\MediatorPattern\src\main\resources
2022-11-15 13:52:19,019 [Worker-1: Building] INFO  o.e.m.c.i.embedder.EclipseLogger - Using 'UTF-8' encoding to copy filtered resources.
2022-11-15 13:52:19,019 [Worker-1: Building] INFO  o.e.m.c.i.embedder.EclipseLogger - skip non existing resourceDirectory C:\Users\prade\OneDrive\Desktop\hclnew\HclTranning\MediatorPattern\src\test\resources
2022-11-15 13:52:40,148 [Worker-37: Building] INFO  o.e.m.c.i.embedder.EclipseLogger - Using 'UTF-8' encoding to copy filtered resources.
2022-11-15 13:52:40,148 [Worker-37: Building] INFO  o.e.m.c.i.embedder.EclipseLogger - skip non existing resourceDirectory C:\Users\prade\OneDrive\Desktop\hclnew\HclTranning\MediatorPattern\src\main\resources
2022-11-15 13:52:40,149 [Worker-37: Building] INFO  o.e.m.c.i.embedder.EclipseLogger - Using 'UTF-8' encoding to copy filtered resources.
2022-11-15 13:52:40,150 [Worker-37: Building] INFO  o.e.m.c.i.embedder.EclipseLogger - skip non existing resourceDirectory C:\Users\prade\OneDrive\Desktop\hclnew\HclTranning\MediatorPattern\src\test\resources
2022-11-15 13:52:48,886 [Worker-38: Building] INFO  o.e.m.c.i.embedder.EclipseLogger - Using 'UTF-8' encoding to copy filtered resources.
2022-11-15 13:52:48,886 [Worker-38: Building] INFO  o.e.m.c.i.embedder.EclipseLogger - skip non existing resourceDirectory C:\Users\prade\OneDrive\Desktop\hclnew\HclTranning\MediatorPattern\src\main\resources
2022-11-15 13:52:48,887 [Worker-38: Building] INFO  o.e.m.c.i.embedder.EclipseLogger - Using 'UTF-8' encoding to copy filtered resources.
2022-11-15 13:52:48,887 [Worker-38: Building] INFO  o.e.m.c.i.embedder.EclipseLogger - skip non existing resourceDirectory C:\Users\prade\OneDrive\Desktop\hclnew\HclTranning\MediatorPattern\src\test\resources
2022-11-15 13:53:08,067 [Worker-24: Building] INFO  o.e.m.c.i.embedder.EclipseLogger - Using 'UTF-8' encoding to copy filtered resources.
2022-11-15 13:53:08,068 [Worker-24: Building] INFO  o.e.m.c.i.embedder.EclipseLogger - skip non existing resourceDirectory C:\Users\prade\OneDrive\Desktop\hclnew\HclTranning\MediatorPattern\src\main\resources
2022-11-15 13:53:08,069 [Worker-24: Building] INFO  o.e.m.c.i.embedder.EclipseLogger - Using 'UTF-8' encoding to copy filtered resources.
2022-11-15 13:53:08,069 [Worker-24: Building] INFO  o.e.m.c.i.embedder.EclipseLogger - skip non existing resourceDirectory C:\Users\prade\OneDrive\Desktop\hclnew\HclTranning\MediatorPattern\src\test\resources
2022-11-15 13:53:19,860 [Worker-0: Building] INFO  o.e.m.c.i.embedder.EclipseLogger - Using 'UTF-8' encoding to copy filtered resources.
2022-11-15 13:53:19,860 [Worker-0: Building] INFO  o.e.m.c.i.embedder.EclipseLogger - skip non existing resourceDirectory C:\Users\prade\OneDrive\Desktop\hclnew\HclTranning\MediatorPattern\src\main\resources
2022-11-15 13:53:19,861 [Worker-0: Building] INFO  o.e.m.c.i.embedder.EclipseLogger - Using 'UTF-8' encoding to copy filtered resources.
2022-11-15 13:53:19,861 [Worker-0: Building] INFO  o.e.m.c.i.embedder.EclipseLogger - skip non existing resourceDirectory C:\Users\prade\OneDrive\Desktop\hclnew\HclTranning\MediatorPattern\src\test\resources
2022-11-15 13:53:34,189 [Worker-39: Building] INFO  o.e.m.c.i.embedder.EclipseLogger - Using 'UTF-8' encoding to copy filtered resources.
2022-11-15 13:53:34,190 [Worker-39: Building] INFO  o.e.m.c.i.embedder.EclipseLogger - skip non existing resourceDirectory C:\Users\prade\OneDrive\Desktop\hclnew\HclTranning\MediatorPattern\src\main\resources
2022-11-15 13:53:34,191 [Worker-39: Building] INFO  o.e.m.c.i.embedder.EclipseLogger - Using 'UTF-8' encoding to copy filtered resources.
2022-11-15 13:53:34,191 [Worker-39: Building] INFO  o.e.m.c.i.embedder.EclipseLogger - skip non existing resourceDirectory C:\Users\prade\OneDrive\Desktop\hclnew\HclTranning\MediatorPattern\src\test\resources
2022-11-15 13:53:43,237 [Worker-25: Building] INFO  o.e.m.c.i.embedder.EclipseLogger - Using 'UTF-8' encoding to copy filtered resources.
2022-11-15 13:53:43,237 [Worker-25: Building] INFO  o.e.m.c.i.embedder.EclipseLogger - skip non existing resourceDirectory C:\Users\prade\OneDrive\Desktop\hclnew\HclTranning\MediatorPattern\src\main\resources
2022-11-15 13:53:43,239 [Worker-25: Building] INFO  o.e.m.c.i.embedder.EclipseLogger - Using 'UTF-8' encoding to copy filtered resources.
2022-11-15 13:53:43,239 [Worker-25: Building] INFO  o.e.m.c.i.embedder.EclipseLogger - skip non existing resourceDirectory C:\Users\prade\OneDrive\Desktop\hclnew\HclTranning\MediatorPattern\src\test\resources
2022-11-15 13:53:49,078 [Worker-37: Building] INFO  o.e.m.c.i.embedder.EclipseLogger - Using 'UTF-8' encoding to copy filtered resources.
2022-11-15 13:53:49,078 [Worker-37: Building] INFO  o.e.m.c.i.embedder.EclipseLogger - skip non existing resourceDirectory C:\Users\prade\OneDrive\Desktop\hclnew\HclTranning\MediatorPattern\src\main\resources
2022-11-15 13:53:49,079 [Worker-37: Building] INFO  o.e.m.c.i.embedder.EclipseLogger - Using 'UTF-8' encoding to copy filtered resources.
2022-11-15 13:53:49,079 [Worker-37: Building] INFO  o.e.m.c.i.embedder.EclipseLogger - skip non existing resourceDirectory C:\Users\prade\OneDrive\Desktop\hclnew\HclTranning\MediatorPattern\src\test\resources
2022-11-15 19:00:01,064 [Worker-4: Loading available Gradle versions] INFO  o.e.b.c.i.u.g.PublishedGradleVersions - Gradle version information cache is up-to-date. Trying to read.
2022-11-15 19:00:53,320 [Worker-15: Building] INFO  o.e.m.c.i.embedder.EclipseLogger - Using 'UTF-8' encoding to copy filtered resources.
2022-11-15 19:00:53,321 [Worker-15: Building] INFO  o.e.m.c.i.embedder.EclipseLogger - skip non existing resourceDirectory C:\Users\prade\OneDrive\Desktop\hclnew\HclTranning\MediatorPattern\src\main\resources
2022-11-15 19:00:53,323 [Worker-15: Building] INFO  o.e.m.c.i.embedder.EclipseLogger - Using 'UTF-8' encoding to copy filtered resources.
2022-11-15 19:00:53,323 [Worker-15: Building] INFO  o.e.m.c.i.embedder.EclipseLogger - skip non existing resourceDirectory C:\Users\prade\OneDrive\Desktop\hclnew\HclTranning\MediatorPattern\src\test\resources
2022-11-15 19:01:02,560 [Worker-8: Updating Maven Project] INFO  o.e.m.c.i.p.ProjectConfigurationManager - Update started
2022-11-15 19:01:02,842 [Worker-8: Updating Maven Project] INFO  o.e.m.c.i.l.LifecycleMappingFactory - Using org.eclipse.m2e.jdt.JarLifecycleMapping lifecycle mapping for MavenProject: com.MediatorPatterns:MediatorPattern:0.0.1-SNAPSHOT @ C:\Users\prade\OneDrive\Desktop\hclnew\HclTranning\MediatorPattern\pom.xml.
2022-11-15 19:01:02,927 [Worker-8: Updating Maven Project] INFO  o.e.m.j.i.AbstractJavaProjectConfigurator - Adding source folder /MediatorPattern/src/main/java
2022-11-15 19:01:02,928 [Worker-8: Updating Maven Project] INFO  o.e.m.j.i.AbstractJavaProjectConfigurator - Adding source folder /MediatorPattern/src/test/java
2022-11-15 19:01:03,012 [Worker-8: Updating Maven Project] INFO  o.e.m.c.i.p.ProjectConfigurationManager - Update completed: 0 sec
2022-11-15 19:01:03,209 [Worker-19: Building] INFO  o.e.m.c.i.embedder.EclipseLogger - Using 'UTF-8' encoding to copy filtered resources.
2022-11-15 19:01:03,210 [Worker-19: Building] INFO  o.e.m.c.i.embedder.EclipseLogger - skip non existing resourceDirectory C:\Users\prade\OneDrive\Desktop\hclnew\HclTranning\MediatorPattern\src\main\resources
2022-11-15 19:01:03,212 [Worker-19: Building] INFO  o.e.m.c.i.embedder.EclipseLogger - Using 'UTF-8' encoding to copy filtered resources.
2022-11-15 19:01:03,212 [Worker-19: Building] INFO  o.e.m.c.i.embedder.EclipseLogger - skip non existing resourceDirectory C:\Users\prade\OneDrive\Desktop\hclnew\HclTranning\MediatorPattern\src\test\resources
2022-11-15 19:01:44,944 [Worker-7: Building] INFO  o.e.m.c.i.embedder.EclipseLogger - Using 'UTF-8' encoding to copy filtered resources.
2022-11-15 19:01:44,944 [Worker-7: Building] INFO  o.e.m.c.i.embedder.EclipseLogger - skip non existing resourceDirectory C:\Users\prade\OneDrive\Desktop\hclnew\HclTranning\MediatorPattern\src\main\resources
2022-11-15 19:01:44,946 [Worker-7: Building] INFO  o.e.m.c.i.embedder.EclipseLogger - Using 'UTF-8' encoding to copy filtered resources.
2022-11-15 19:01:44,946 [Worker-7: Building] INFO  o.e.m.c.i.embedder.EclipseLogger - skip non existing resourceDirectory C:\Users\prade\OneDrive\Desktop\hclnew\HclTranning\MediatorPattern\src\test\resources
2022-11-15 19:02:06,988 [Worker-7: Building Project MediatorPattern] INFO  o.e.m.c.i.embedder.EclipseLogger - Using 'UTF-8' encoding to copy filtered resources.
2022-11-15 19:02:06,988 [Worker-7: Building Project MediatorPattern] INFO  o.e.m.c.i.embedder.EclipseLogger - skip non existing resourceDirectory C:\Users\prade\OneDrive\Desktop\hclnew\HclTranning\MediatorPattern\src\main\resources
2022-11-15 19:02:06,989 [Worker-7: Building Project MediatorPattern] INFO  o.e.m.c.i.embedder.EclipseLogger - Using 'UTF-8' encoding to copy filtered resources.
2022-11-15 19:02:06,990 [Worker-7: Building Project MediatorPattern] INFO  o.e.m.c.i.embedder.EclipseLogger - skip non existing resourceDirectory C:\Users\prade\OneDrive\Desktop\hclnew\HclTranning\MediatorPattern\src\test\resources
2022-11-15 19:02:19,393 [Worker-23: Building Project MediatorPattern] INFO  o.e.m.c.i.embedder.EclipseLogger - Using 'UTF-8' encoding to copy filtered resources.
2022-11-15 19:02:19,393 [Worker-23: Building Project MediatorPattern] INFO  o.e.m.c.i.embedder.EclipseLogger - skip non existing resourceDirectory C:\Users\prade\OneDrive\Desktop\hclnew\HclTranning\MediatorPattern\src\main\resources
2022-11-15 19:02:19,395 [Worker-23: Building Project MediatorPattern] INFO  o.e.m.c.i.embedder.EclipseLogger - Using 'UTF-8' encoding to copy filtered resources.
2022-11-15 19:02:19,395 [Worker-23: Building Project MediatorPattern] INFO  o.e.m.c.i.embedder.EclipseLogger - skip non existing resourceDirectory C:\Users\prade\OneDrive\Desktop\hclnew\HclTranning\MediatorPattern\src\test\resources
2022-11-15 19:02:33,682 [Worker-21: Updating Maven Project] INFO  o.e.m.c.i.p.ProjectConfigurationManager - Update started
2022-11-15 19:02:33,818 [Worker-21: Updating Maven Project] INFO  o.e.m.c.i.l.LifecycleMappingFactory - Using org.eclipse.m2e.jdt.JarLifecycleMapping lifecycle mapping for MavenProject: com.MediatorPatterns:MediatorPattern:0.0.1-SNAPSHOT @ C:\Users\prade\OneDrive\Desktop\hclnew\HclTranning\MediatorPattern\pom.xml.
2022-11-15 19:02:33,888 [Worker-21: Updating Maven Project] INFO  o.e.m.j.i.AbstractJavaProjectConfigurator - Adding source folder /MediatorPattern/src/main/java
2022-11-15 19:02:33,888 [Worker-21: Updating Maven Project] INFO  o.e.m.j.i.AbstractJavaProjectConfigurator - Adding source folder /MediatorPattern/src/test/java
2022-11-15 19:02:33,946 [Worker-21: Updating Maven Project] INFO  o.e.m.c.i.p.ProjectConfigurationManager - Update completed: 0 sec
2022-11-15 19:02:34,114 [Worker-22: Building] INFO  o.e.m.c.i.embedder.EclipseLogger - Using 'UTF-8' encoding to copy filtered resources.
2022-11-15 19:02:34,114 [Worker-22: Building] INFO  o.e.m.c.i.embedder.EclipseLogger - skip non existing resourceDirectory C:\Users\prade\OneDrive\Desktop\hclnew\HclTranning\MediatorPattern\src\main\resources
2022-11-15 19:02:34,116 [Worker-22: Building] INFO  o.e.m.c.i.embedder.EclipseLogger - Using 'UTF-8' encoding to copy filtered resources.
2022-11-15 19:02:34,116 [Worker-22: Building] INFO  o.e.m.c.i.embedder.EclipseLogger - skip non existing resourceDirectory C:\Users\prade\OneDrive\Desktop\hclnew\HclTranning\MediatorPattern\src\test\resources
2022-11-15 19:03:52,120 [Worker-21: Building] INFO  o.e.m.c.i.embedder.EclipseLogger - Using 'UTF-8' encoding to copy filtered resources.
2022-11-15 19:03:52,120 [Worker-21: Building] INFO  o.e.m.c.i.embedder.EclipseLogger - skip non existing resourceDirectory C:\Users\prade\OneDrive\Desktop\hclnew\HclTranning\MediatorPattern\src\main\resources
2022-11-15 19:03:52,121 [Worker-21: Building] INFO  o.e.m.c.i.embedder.EclipseLogger - Using 'UTF-8' encoding to copy filtered resources.
2022-11-15 19:03:52,122 [Worker-21: Building] INFO  o.e.m.c.i.embedder.EclipseLogger - skip non existing resourceDirectory C:\Users\prade\OneDrive\Desktop\hclnew\HclTranning\MediatorPattern\src\test\resources
2022-11-15 19:03:54,820 [Worker-21: Building] INFO  o.e.m.c.i.embedder.EclipseLogger - Using 'UTF-8' encoding to copy filtered resources.
2022-11-15 19:03:54,820 [Worker-21: Building] INFO  o.e.m.c.i.embedder.EclipseLogger - skip non existing resourceDirectory C:\Users\prade\OneDrive\Desktop\hclnew\HclTranning\MediatorPattern\src\main\resources
2022-11-15 19:03:54,822 [Worker-21: Building] INFO  o.e.m.c.i.embedder.EclipseLogger - Using 'UTF-8' encoding to copy filtered resources.
2022-11-15 19:03:54,822 [Worker-21: Building] INFO  o.e.m.c.i.embedder.EclipseLogger - skip non existing resourceDirectory C:\Users\prade\OneDrive\Desktop\hclnew\HclTranning\MediatorPattern\src\test\resources
2022-11-15 19:03:58,075 [Worker-28: Building] INFO  o.e.m.c.i.embedder.EclipseLogger - Using 'UTF-8' encoding to copy filtered resources.
2022-11-15 19:03:58,075 [Worker-28: Building] INFO  o.e.m.c.i.embedder.EclipseLogger - skip non existing resourceDirectory C:\Users\prade\OneDrive\Desktop\hclnew\HclTranning\MediatorPattern\src\main\resources
2022-11-15 19:03:58,076 [Worker-28: Building] INFO  o.e.m.c.i.embedder.EclipseLogger - Using 'UTF-8' encoding to copy filtered resources.
2022-11-15 19:03:58,076 [Worker-28: Building] INFO  o.e.m.c.i.embedder.EclipseLogger - skip non existing resourceDirectory C:\Users\prade\OneDrive\Desktop\hclnew\HclTranning\MediatorPattern\src\test\resources
2022-11-15 19:04:04,052 [Worker-13: Updating Maven Project] INFO  o.e.m.c.i.p.ProjectConfigurationManager - Update started
2022-11-15 19:04:04,171 [Worker-13: Updating Maven Project] INFO  o.e.m.c.i.l.LifecycleMappingFactory - Using org.eclipse.m2e.jdt.JarLifecycleMapping lifecycle mapping for MavenProject: com.MediatorPatterns:MediatorPattern:0.0.1-SNAPSHOT @ C:\Users\prade\OneDrive\Desktop\hclnew\HclTranning\MediatorPattern\pom.xml.
2022-11-15 19:04:04,234 [Worker-13: Updating Maven Project] INFO  o.e.m.j.i.AbstractJavaProjectConfigurator - Adding source folder /MediatorPattern/src/main/java
2022-11-15 19:04:04,234 [Worker-13: Updating Maven Project] INFO  o.e.m.j.i.AbstractJavaProjectConfigurator - Adding source folder /MediatorPattern/src/test/java
2022-11-15 19:04:04,272 [Worker-13: Updating Maven Project] INFO  o.e.m.c.i.p.ProjectConfigurationManager - Update completed: 0 sec
2022-11-15 19:04:04,449 [Worker-4: Building] INFO  o.e.m.c.i.embedder.EclipseLogger - Using 'UTF-8' encoding to copy filtered resources.
2022-11-15 19:04:04,449 [Worker-4: Building] INFO  o.e.m.c.i.embedder.EclipseLogger - skip non existing resourceDirectory C:\Users\prade\OneDrive\Desktop\hclnew\HclTranning\MediatorPattern\src\main\resources
2022-11-15 19:04:04,451 [Worker-4: Building] INFO  o.e.m.c.i.embedder.EclipseLogger - Using 'UTF-8' encoding to copy filtered resources.
2022-11-15 19:04:04,451 [Worker-4: Building] INFO  o.e.m.c.i.embedder.EclipseLogger - skip non existing resourceDirectory C:\Users\prade\OneDrive\Desktop\hclnew\HclTranning\MediatorPattern\src\test\resources
2022-11-16 09:27:55,683 [Worker-37: Launching mavenrun-9fb751bf-93f1-41c2-8ae9-5bc7a4d1a472] INFO  o.e.m.i.launch.MavenLaunchDelegate - C:\Users\prade\OneDrive\Desktop\hclnew\HclTranning
2022-11-16 09:27:55,685 [Worker-37: Launching mavenrun-9fb751bf-93f1-41c2-8ae9-5bc7a4d1a472] INFO  o.e.m.i.launch.MavenLaunchDelegate -  mvn -DarchetypeVersion=1.4 -Dpackage=com.DesignPatterns -DarchetypeGroupId=org.apache.maven.archetypes -DarchetypeArtifactId=maven-archetype-quickstart -DgroupId=com.DesignPatterns -DartifactId=DesignPattern -DoutputDirectory=C:\Users\prade\OneDrive\Desktop\hclnew\HclTranning -Dversion=0.0.1-SNAPSHOT -Dstyle.color=always -U archetype:generate
2022-11-16 09:28:03,865 [Worker-38: Creating maven-archetype-quickstart] INFO  o.e.m.c.i.p.ProjectConfigurationManager - Collecting project info '/pom.xml' C:\Users\prade\OneDrive\Desktop\hclnew\HclTranning\DesignPattern\pom.xml
2022-11-16 09:28:04,159 [Worker-38: Creating maven-archetype-quickstart] INFO  o.e.m.c.i.l.LifecycleMappingFactory - Using org.eclipse.m2e.jdt.JarLifecycleMapping lifecycle mapping for MavenProject: com.DesignPatterns:DesignPattern:0.0.1-SNAPSHOT @ C:\Users\prade\OneDrive\Desktop\hclnew\HclTranning\DesignPattern\pom.xml.
2022-11-16 09:28:04,898 [Worker-38: Creating maven-archetype-quickstart] INFO  o.e.m.j.i.AbstractJavaProjectConfigurator - Adding source folder /DesignPattern/src/main/java
2022-11-16 09:28:04,902 [Worker-38: Creating maven-archetype-quickstart] INFO  o.e.m.j.i.AbstractJavaProjectConfigurator - Adding source folder /DesignPattern/src/test/java
2022-11-16 09:28:05,431 [Worker-38: Creating maven-archetype-quickstart] INFO  o.e.m.c.i.p.ProjectConfigurationManager - Imported and configured 1 project(s) in 1 sec
2022-11-16 09:28:05,991 [Worker-40: Building] INFO  o.e.m.c.i.embedder.EclipseLogger - Using 'UTF-8' encoding to copy filtered resources.
2022-11-16 09:28:05,992 [Worker-40: Building] INFO  o.e.m.c.i.embedder.EclipseLogger - skip non existing resourceDirectory C:\Users\prade\OneDrive\Desktop\hclnew\HclTranning\DesignPattern\src\main\resources
2022-11-16 09:28:05,994 [Worker-40: Building] INFO  o.e.m.c.i.embedder.EclipseLogger - Using 'UTF-8' encoding to copy filtered resources.
2022-11-16 09:28:05,994 [Worker-40: Building] INFO  o.e.m.c.i.embedder.EclipseLogger - skip non existing resourceDirectory C:\Users\prade\OneDrive\Desktop\hclnew\HclTranning\DesignPattern\src\test\resources
2022-11-16 09:28:36,355 [Worker-38: Updating Maven Project] INFO  o.e.m.c.i.p.ProjectConfigurationManager - Update started
2022-11-16 09:28:36,381 [Worker-38: Updating Maven Project] INFO  o.e.m.c.i.l.LifecycleMappingFactory - Using org.eclipse.m2e.jdt.JarLifecycleMapping lifecycle mapping for MavenProject: com.DesignPatterns:DesignPattern:0.0.1-SNAPSHOT @ C:\Users\prade\OneDrive\Desktop\hclnew\HclTranning\DesignPattern\pom.xml.
2022-11-16 09:28:36,404 [Worker-38: Updating Maven Project] INFO  o.e.m.j.i.AbstractJavaProjectConfigurator - Adding source folder /DesignPattern/src/main/java
2022-11-16 09:28:36,405 [Worker-38: Updating Maven Project] INFO  o.e.m.j.i.AbstractJavaProjectConfigurator - Adding source folder /DesignPattern/src/test/java
2022-11-16 09:28:36,439 [Worker-38: Updating Maven Project] INFO  o.e.m.c.i.p.ProjectConfigurationManager - Update completed: 0 sec
2022-11-16 09:28:36,601 [Worker-40: Building] INFO  o.e.m.c.i.embedder.EclipseLogger - Using 'UTF-8' encoding to copy filtered resources.
2022-11-16 09:28:36,601 [Worker-40: Building] INFO  o.e.m.c.i.embedder.EclipseLogger - skip non existing resourceDirectory C:\Users\prade\OneDrive\Desktop\hclnew\HclTranning\DesignPattern\src\main\resources
2022-11-16 09:28:36,602 [Worker-40: Building] INFO  o.e.m.c.i.embedder.EclipseLogger - Using 'UTF-8' encoding to copy filtered resources.
2022-11-16 09:28:36,602 [Worker-40: Building] INFO  o.e.m.c.i.embedder.EclipseLogger - skip non existing resourceDirectory C:\Users\prade\OneDrive\Desktop\hclnew\HclTranning\DesignPattern\src\test\resources
2022-11-16 09:28:42,830 [Worker-41: Building] INFO  o.e.m.c.i.l.LifecycleMappingFactory - Using org.eclipse.m2e.jdt.JarLifecycleMapping lifecycle mapping for MavenProject: com.DesignPatterns:DesignPattern:0.0.1-SNAPSHOT @ C:\Users\prade\OneDrive\Desktop\hclnew\HclTranning\DesignPattern\pom.xml.
2022-11-16 09:28:42,872 [Worker-41: Building] INFO  o.e.m.c.i.embedder.EclipseLogger - Using 'UTF-8' encoding to copy filtered resources.
2022-11-16 09:28:42,872 [Worker-41: Building] INFO  o.e.m.c.i.embedder.EclipseLogger - skip non existing resourceDirectory C:\Users\prade\OneDrive\Desktop\hclnew\HclTranning\DesignPattern\src\main\resources
2022-11-16 09:28:42,873 [Worker-41: Building] INFO  o.e.m.c.i.embedder.EclipseLogger - Using 'UTF-8' encoding to copy filtered resources.
2022-11-16 09:28:42,873 [Worker-41: Building] INFO  o.e.m.c.i.embedder.EclipseLogger - skip non existing resourceDirectory C:\Users\prade\OneDrive\Desktop\hclnew\HclTranning\DesignPattern\src\test\resources
2022-11-16 09:28:49,049 [Worker-38: Updating Maven Project] INFO  o.e.m.c.i.p.ProjectConfigurationManager - Update started
2022-11-16 09:28:49,068 [Worker-38: Updating Maven Project] INFO  o.e.m.c.i.l.LifecycleMappingFactory - Using org.eclipse.m2e.jdt.JarLifecycleMapping lifecycle mapping for MavenProject: com.DesignPatterns:DesignPattern:0.0.1-SNAPSHOT @ C:\Users\prade\OneDrive\Desktop\hclnew\HclTranning\DesignPattern\pom.xml.
2022-11-16 09:28:49,090 [Worker-38: Updating Maven Project] INFO  o.e.m.j.i.AbstractJavaProjectConfigurator - Adding source folder /DesignPattern/src/main/java
2022-11-16 09:28:49,091 [Worker-38: Updating Maven Project] INFO  o.e.m.j.i.AbstractJavaProjectConfigurator - Adding source folder /DesignPattern/src/test/java
2022-11-16 09:28:49,134 [Worker-38: Updating Maven Project] INFO  o.e.m.c.i.p.ProjectConfigurationManager - Update completed: 0 sec
2022-11-16 09:28:49,264 [Worker-38: Building] INFO  o.e.m.c.i.embedder.EclipseLogger - Using 'UTF-8' encoding to copy filtered resources.
2022-11-16 09:28:49,264 [Worker-38: Building] INFO  o.e.m.c.i.embedder.EclipseLogger - skip non existing resourceDirectory C:\Users\prade\OneDrive\Desktop\hclnew\HclTranning\DesignPattern\src\main\resources
2022-11-16 09:28:49,265 [Worker-38: Building] INFO  o.e.m.c.i.embedder.EclipseLogger - Using 'UTF-8' encoding to copy filtered resources.
2022-11-16 09:28:49,265 [Worker-38: Building] INFO  o.e.m.c.i.embedder.EclipseLogger - skip non existing resourceDirectory C:\Users\prade\OneDrive\Desktop\hclnew\HclTranning\DesignPattern\src\test\resources
2022-11-16 09:29:14,851 [Worker-22: Building] INFO  o.e.m.c.i.embedder.EclipseLogger - Using 'UTF-8' encoding to copy filtered resources.
2022-11-16 09:29:14,851 [Worker-22: Building] INFO  o.e.m.c.i.embedder.EclipseLogger - skip non existing resourceDirectory C:\Users\prade\OneDrive\Desktop\hclnew\HclTranning\DesignPattern\src\main\resources
2022-11-16 09:29:14,852 [Worker-22: Building] INFO  o.e.m.c.i.embedder.EclipseLogger - Using 'UTF-8' encoding to copy filtered resources.
2022-11-16 09:29:14,852 [Worker-22: Building] INFO  o.e.m.c.i.embedder.EclipseLogger - skip non existing resourceDirectory C:\Users\prade\OneDrive\Desktop\hclnew\HclTranning\DesignPattern\src\test\resources
2022-11-16 09:29:59,691 [Worker-37: Building] INFO  o.e.m.c.i.embedder.EclipseLogger - Using 'UTF-8' encoding to copy filtered resources.
2022-11-16 09:29:59,691 [Worker-37: Building] INFO  o.e.m.c.i.embedder.EclipseLogger - skip non existing resourceDirectory C:\Users\prade\OneDrive\Desktop\hclnew\HclTranning\DesignPattern\src\main\resources
2022-11-16 09:29:59,693 [Worker-37: Building] INFO  o.e.m.c.i.embedder.EclipseLogger - Using 'UTF-8' encoding to copy filtered resources.
2022-11-16 09:29:59,694 [Worker-37: Building] INFO  o.e.m.c.i.embedder.EclipseLogger - skip non existing resourceDirectory C:\Users\prade\OneDrive\Desktop\hclnew\HclTranning\DesignPattern\src\test\resources
2022-11-16 09:30:05,088 [Worker-39: Building] INFO  o.e.m.c.i.embedder.EclipseLogger - Using 'UTF-8' encoding to copy filtered resources.
2022-11-16 09:30:05,088 [Worker-39: Building] INFO  o.e.m.c.i.embedder.EclipseLogger - skip non existing resourceDirectory C:\Users\prade\OneDrive\Desktop\hclnew\HclTranning\DesignPattern\src\main\resources
2022-11-16 09:30:05,090 [Worker-39: Building] INFO  o.e.m.c.i.embedder.EclipseLogger - Using 'UTF-8' encoding to copy filtered resources.
2022-11-16 09:30:05,090 [Worker-39: Building] INFO  o.e.m.c.i.embedder.EclipseLogger - skip non existing resourceDirectory C:\Users\prade\OneDrive\Desktop\hclnew\HclTranning\DesignPattern\src\test\resources
2022-11-16 09:30:14,916 [Worker-40: Building] INFO  o.e.m.c.i.embedder.EclipseLogger - Using 'UTF-8' encoding to copy filtered resources.
2022-11-16 09:30:14,916 [Worker-40: Building] INFO  o.e.m.c.i.embedder.EclipseLogger - skip non existing resourceDirectory C:\Users\prade\OneDrive\Desktop\hclnew\HclTranning\DesignPattern\src\main\resources
2022-11-16 09:30:14,918 [Worker-40: Building] INFO  o.e.m.c.i.embedder.EclipseLogger - Using 'UTF-8' encoding to copy filtered resources.
2022-11-16 09:30:14,918 [Worker-40: Building] INFO  o.e.m.c.i.embedder.EclipseLogger - skip non existing resourceDirectory C:\Users\prade\OneDrive\Desktop\hclnew\HclTranning\DesignPattern\src\test\resources
2022-11-16 09:30:40,043 [Worker-37: Building] INFO  o.e.m.c.i.embedder.EclipseLogger - Using 'UTF-8' encoding to copy filtered resources.
2022-11-16 09:30:40,043 [Worker-37: Building] INFO  o.e.m.c.i.embedder.EclipseLogger - skip non existing resourceDirectory C:\Users\prade\OneDrive\Desktop\hclnew\HclTranning\DesignPattern\src\main\resources
2022-11-16 09:30:40,044 [Worker-37: Building] INFO  o.e.m.c.i.embedder.EclipseLogger - Using 'UTF-8' encoding to copy filtered resources.
2022-11-16 09:30:40,045 [Worker-37: Building] INFO  o.e.m.c.i.embedder.EclipseLogger - skip non existing resourceDirectory C:\Users\prade\OneDrive\Desktop\hclnew\HclTranning\DesignPattern\src\test\resources
2022-11-16 09:30:48,714 [Worker-22: Building] INFO  o.e.m.c.i.embedder.EclipseLogger - Using 'UTF-8' encoding to copy filtered resources.
2022-11-16 09:30:48,714 [Worker-22: Building] INFO  o.e.m.c.i.embedder.EclipseLogger - skip non existing resourceDirectory C:\Users\prade\OneDrive\Desktop\hclnew\HclTranning\DesignPattern\src\main\resources
2022-11-16 09:30:48,716 [Worker-22: Building] INFO  o.e.m.c.i.embedder.EclipseLogger - Using 'UTF-8' encoding to copy filtered resources.
2022-11-16 09:30:48,716 [Worker-22: Building] INFO  o.e.m.c.i.embedder.EclipseLogger - skip non existing resourceDirectory C:\Users\prade\OneDrive\Desktop\hclnew\HclTranning\DesignPattern\src\test\resources
2022-11-16 09:31:07,043 [Worker-42: Building] INFO  o.e.m.c.i.embedder.EclipseLogger - Using 'UTF-8' encoding to copy filtered resources.
2022-11-16 09:31:07,043 [Worker-42: Building] INFO  o.e.m.c.i.embedder.EclipseLogger - skip non existing resourceDirectory C:\Users\prade\OneDrive\Desktop\hclnew\HclTranning\DesignPattern\src\main\resources
2022-11-16 09:31:07,045 [Worker-42: Building] INFO  o.e.m.c.i.embedder.EclipseLogger - Using 'UTF-8' encoding to copy filtered resources.
2022-11-16 09:31:07,046 [Worker-42: Building] INFO  o.e.m.c.i.embedder.EclipseLogger - skip non existing resourceDirectory C:\Users\prade\OneDrive\Desktop\hclnew\HclTranning\DesignPattern\src\test\resources
2022-11-16 09:31:15,405 [Worker-41: Building] INFO  o.e.m.c.i.embedder.EclipseLogger - Using 'UTF-8' encoding to copy filtered resources.
2022-11-16 09:31:15,405 [Worker-41: Building] INFO  o.e.m.c.i.embedder.EclipseLogger - skip non existing resourceDirectory C:\Users\prade\OneDrive\Desktop\hclnew\HclTranning\DesignPattern\src\main\resources
2022-11-16 09:31:15,406 [Worker-41: Building] INFO  o.e.m.c.i.embedder.EclipseLogger - Using 'UTF-8' encoding to copy filtered resources.
2022-11-16 09:31:15,406 [Worker-41: Building] INFO  o.e.m.c.i.embedder.EclipseLogger - skip non existing resourceDirectory C:\Users\prade\OneDrive\Desktop\hclnew\HclTranning\DesignPattern\src\test\resources
2022-11-16 09:31:31,598 [Worker-37: Building] INFO  o.e.m.c.i.embedder.EclipseLogger - Using 'UTF-8' encoding to copy filtered resources.
2022-11-16 09:31:31,598 [Worker-37: Building] INFO  o.e.m.c.i.embedder.EclipseLogger - skip non existing resourceDirectory C:\Users\prade\OneDrive\Desktop\hclnew\HclTranning\DesignPattern\src\main\resources
2022-11-16 09:31:31,599 [Worker-37: Building] INFO  o.e.m.c.i.embedder.EclipseLogger - Using 'UTF-8' encoding to copy filtered resources.
2022-11-16 09:31:31,599 [Worker-37: Building] INFO  o.e.m.c.i.embedder.EclipseLogger - skip non existing resourceDirectory C:\Users\prade\OneDrive\Desktop\hclnew\HclTranning\DesignPattern\src\test\resources
2022-11-16 09:31:41,941 [Worker-40: Building] INFO  o.e.m.c.i.embedder.EclipseLogger - Using 'UTF-8' encoding to copy filtered resources.
2022-11-16 09:31:41,941 [Worker-40: Building] INFO  o.e.m.c.i.embedder.EclipseLogger - skip non existing resourceDirectory C:\Users\prade\OneDrive\Desktop\hclnew\HclTranning\DesignPattern\src\main\resources
2022-11-16 09:31:41,942 [Worker-40: Building] INFO  o.e.m.c.i.embedder.EclipseLogger - Using 'UTF-8' encoding to copy filtered resources.
2022-11-16 09:31:41,942 [Worker-40: Building] INFO  o.e.m.c.i.embedder.EclipseLogger - skip non existing resourceDirectory C:\Users\prade\OneDrive\Desktop\hclnew\HclTranning\DesignPattern\src\test\resources
2022-11-16 09:38:58,600 [Worker-22: Building] INFO  o.e.m.c.i.embedder.EclipseLogger - Using 'UTF-8' encoding to copy filtered resources.
2022-11-16 09:38:58,600 [Worker-22: Building] INFO  o.e.m.c.i.embedder.EclipseLogger - skip non existing resourceDirectory C:\Users\prade\OneDrive\Desktop\hclnew\HclTranning\DesignPattern\src\main\resources
2022-11-16 09:38:58,601 [Worker-22: Building] INFO  o.e.m.c.i.embedder.EclipseLogger - Using 'UTF-8' encoding to copy filtered resources.
2022-11-16 09:38:58,601 [Worker-22: Building] INFO  o.e.m.c.i.embedder.EclipseLogger - skip non existing resourceDirectory C:\Users\prade\OneDrive\Desktop\hclnew\HclTranning\DesignPattern\src\test\resources
2022-11-16 09:42:04,274 [Worker-44: Building] INFO  o.e.m.c.i.embedder.EclipseLogger - Using 'UTF-8' encoding to copy filtered resources.
2022-11-16 09:42:04,274 [Worker-44: Building] INFO  o.e.m.c.i.embedder.EclipseLogger - skip non existing resourceDirectory C:\Users\prade\OneDrive\Desktop\hclnew\HclTranning\DesignPattern\src\main\resources
2022-11-16 09:42:04,275 [Worker-44: Building] INFO  o.e.m.c.i.embedder.EclipseLogger - Using 'UTF-8' encoding to copy filtered resources.
2022-11-16 09:42:04,276 [Worker-44: Building] INFO  o.e.m.c.i.embedder.EclipseLogger - skip non existing resourceDirectory C:\Users\prade\OneDrive\Desktop\hclnew\HclTranning\DesignPattern\src\test\resources
2022-11-16 09:42:27,507 [Worker-45: Building] INFO  o.e.m.c.i.embedder.EclipseLogger - Using 'UTF-8' encoding to copy filtered resources.
2022-11-16 09:42:27,507 [Worker-45: Building] INFO  o.e.m.c.i.embedder.EclipseLogger - skip non existing resourceDirectory C:\Users\prade\OneDrive\Desktop\hclnew\HclTranning\DesignPattern\src\main\resources
2022-11-16 09:42:27,510 [Worker-45: Building] INFO  o.e.m.c.i.embedder.EclipseLogger - Using 'UTF-8' encoding to copy filtered resources.
2022-11-16 09:42:27,510 [Worker-45: Building] INFO  o.e.m.c.i.embedder.EclipseLogger - skip non existing resourceDirectory C:\Users\prade\OneDrive\Desktop\hclnew\HclTranning\DesignPattern\src\test\resources
2022-11-16 09:42:37,486 [Worker-46: Building] INFO  o.e.m.c.i.embedder.EclipseLogger - Using 'UTF-8' encoding to copy filtered resources.
2022-11-16 09:42:37,486 [Worker-46: Building] INFO  o.e.m.c.i.embedder.EclipseLogger - skip non existing resourceDirectory C:\Users\prade\OneDrive\Desktop\hclnew\HclTranning\DesignPattern\src\main\resources
2022-11-16 09:42:37,487 [Worker-46: Building] INFO  o.e.m.c.i.embedder.EclipseLogger - Using 'UTF-8' encoding to copy filtered resources.
2022-11-16 09:42:37,488 [Worker-46: Building] INFO  o.e.m.c.i.embedder.EclipseLogger - skip non existing resourceDirectory C:\Users\prade\OneDrive\Desktop\hclnew\HclTranning\DesignPattern\src\test\resources
2022-11-16 09:42:45,203 [Worker-47: Building] INFO  o.e.m.c.i.embedder.EclipseLogger - Using 'UTF-8' encoding to copy filtered resources.
2022-11-16 09:42:45,203 [Worker-47: Building] INFO  o.e.m.c.i.embedder.EclipseLogger - skip non existing resourceDirectory C:\Users\prade\OneDrive\Desktop\hclnew\HclTranning\DesignPattern\src\main\resources
2022-11-16 09:42:45,204 [Worker-47: Building] INFO  o.e.m.c.i.embedder.EclipseLogger - Using 'UTF-8' encoding to copy filtered resources.
2022-11-16 09:42:45,205 [Worker-47: Building] INFO  o.e.m.c.i.embedder.EclipseLogger - skip non existing resourceDirectory C:\Users\prade\OneDrive\Desktop\hclnew\HclTranning\DesignPattern\src\test\resources
2022-11-16 09:43:28,073 [Worker-37: Updating Maven Project] INFO  o.e.m.c.i.p.ProjectConfigurationManager - Update started
2022-11-16 09:43:28,098 [Worker-37: Updating Maven Project] INFO  o.e.m.c.i.l.LifecycleMappingFactory - Using org.eclipse.m2e.jdt.JarLifecycleMapping lifecycle mapping for MavenProject: com.DesignPatterns:DesignPattern:0.0.1-SNAPSHOT @ C:\Users\prade\OneDrive\Desktop\hclnew\HclTranning\DesignPattern\pom.xml.
2022-11-16 09:43:28,313 [Worker-37: Updating Maven Project] INFO  o.e.m.j.i.AbstractJavaProjectConfigurator - Adding source folder /DesignPattern/src/main/java
2022-11-16 09:43:28,313 [Worker-37: Updating Maven Project] INFO  o.e.m.j.i.AbstractJavaProjectConfigurator - Adding source folder /DesignPattern/src/test/java
2022-11-16 09:43:28,352 [Worker-37: Updating Maven Project] INFO  o.e.m.c.i.p.ProjectConfigurationManager - Update completed: 0 sec
2022-11-16 09:43:28,494 [Worker-44: Building] INFO  o.e.m.c.i.embedder.EclipseLogger - Using 'UTF-8' encoding to copy filtered resources.
2022-11-16 09:43:28,494 [Worker-44: Building] INFO  o.e.m.c.i.embedder.EclipseLogger - skip non existing resourceDirectory C:\Users\prade\OneDrive\Desktop\hclnew\HclTranning\DesignPattern\src\main\resources
2022-11-16 09:43:28,495 [Worker-44: Building] INFO  o.e.m.c.i.embedder.EclipseLogger - Using 'UTF-8' encoding to copy filtered resources.
2022-11-16 09:43:28,495 [Worker-44: Building] INFO  o.e.m.c.i.embedder.EclipseLogger - skip non existing resourceDirectory C:\Users\prade\OneDrive\Desktop\hclnew\HclTranning\DesignPattern\src\test\resources
2022-11-16 09:45:23,645 [Worker-47: Building] INFO  o.e.m.c.i.embedder.EclipseLogger - Using 'UTF-8' encoding to copy filtered resources.
2022-11-16 09:45:23,645 [Worker-47: Building] INFO  o.e.m.c.i.embedder.EclipseLogger - skip non existing resourceDirectory C:\Users\prade\OneDrive\Desktop\hclnew\HclTranning\DesignPattern\src\main\resources
2022-11-16 09:45:23,646 [Worker-47: Building] INFO  o.e.m.c.i.embedder.EclipseLogger - Using 'UTF-8' encoding to copy filtered resources.
2022-11-16 09:45:23,646 [Worker-47: Building] INFO  o.e.m.c.i.embedder.EclipseLogger - skip non existing resourceDirectory C:\Users\prade\OneDrive\Desktop\hclnew\HclTranning\DesignPattern\src\test\resources
